0 info it worked if it ends with ok
1 verbose cli [ '/usr/bin/node', '/usr/bin/npm', 'run', 'dev' ]
2 info using npm@3.5.2
3 info using node@v8.10.0
4 verbose run-script [ 'predev', 'dev', 'postdev' ]
5 info lifecycle node-server-es6-rest-api@0.0.2~predev: node-server-es6-rest-api@0.0.2
6 silly lifecycle node-server-es6-rest-api@0.0.2~predev: no script for predev, continuing
7 info lifecycle node-server-es6-rest-api@0.0.2~dev: node-server-es6-rest-api@0.0.2
8 verbose lifecycle node-server-es6-rest-api@0.0.2~dev: unsafe-perm in lifecycle true
9 verbose lifecycle node-server-es6-rest-api@0.0.2~dev: PATH: /usr/share/npm/bin/node-gyp-bin:/home/adventum/Ashvith/gwl_adventum_api/node_modules/.bin:/home/adventum/anaconda3/bin:/home/adventum/anaconda3/condabin:/home/adventum/.local/bin:/usr/local/sbin:/usr/local/bin:/usr/sbin:/usr/bin:/sbin:/bin:/usr/games:/usr/local/games:/snap/bin
10 verbose lifecycle node-server-es6-rest-api@0.0.2~dev: CWD: /home/adventum/Ashvith/gwl_adventum_api
11 silly lifecycle node-server-es6-rest-api@0.0.2~dev: Args: [ '-c',
11 silly lifecycle   'nodemon -w src --exec "babel-node src --presets es2015,stage-0"' ]
12 silly lifecycle node-server-es6-rest-api@0.0.2~dev: Returned: code: 1  signal: null
13 info lifecycle node-server-es6-rest-api@0.0.2~dev: Failed to exec dev script
14 verbose stack Error: node-server-es6-rest-api@0.0.2 dev: `nodemon -w src --exec "babel-node src --presets es2015,stage-0"`
14 verbose stack Exit status 1
14 verbose stack     at EventEmitter.<anonymous> (/usr/share/npm/lib/utils/lifecycle.js:232:16)
14 verbose stack     at emitTwo (events.js:126:13)
14 verbose stack     at EventEmitter.emit (events.js:214:7)
14 verbose stack     at ChildProcess.<anonymous> (/usr/share/npm/lib/utils/spawn.js:24:14)
14 verbose stack     at emitTwo (events.js:126:13)
14 verbose stack     at ChildProcess.emit (events.js:214:7)
14 verbose stack     at maybeClose (internal/child_process.js:925:16)
14 verbose stack     at Process.ChildProcess._handle.onexit (internal/child_process.js:209:5)
15 verbose pkgid node-server-es6-rest-api@0.0.2
16 verbose cwd /home/adventum/Ashvith/gwl_adventum_api
17 error Linux 5.0.0-36-generic
18 error argv "/usr/bin/node" "/usr/bin/npm" "run" "dev"
19 error node v8.10.0
20 error npm  v3.5.2
21 error code ELIFECYCLE
22 error node-server-es6-rest-api@0.0.2 dev: `nodemon -w src --exec "babel-node src --presets es2015,stage-0"`
22 error Exit status 1
23 error Failed at the node-server-es6-rest-api@0.0.2 dev script 'nodemon -w src --exec "babel-node src --presets es2015,stage-0"'.
23 error Make sure you have the latest version of node.js and npm installed.
23 error If you do, this is most likely a problem with the node-server-es6-rest-api package,
23 error not with npm itself.
23 error Tell the author that this fails on your system:
23 error     nodemon -w src --exec "babel-node src --presets es2015,stage-0"
23 error You can get information on how to open an issue for this project with:
23 error     npm bugs node-server-es6-rest-api
23 error Or if that isn't available, you can get their info via:
23 error     npm owner ls node-server-es6-rest-api
23 error There is likely additional logging output above.
24 verbose exit [ 1, true ]
